===log entry===
 
===log entry===
 
===log entry===
 
===log entry===
 
===log entry===
 
===log entry===
 
===log entry===
 
===log entry===
 
===log entry===
 
===log entry===
 
===log entry===
 
===log entry===
 
===log entry===
 
===log entry===
 
===log entry===
 
===log entry===
 
===log entry===
 
===log entry===
 
===log entry===
 
===log entry===
 
===log entry===
 
===log entry===
 
===log entry===
 
===log entry===
 
===log entry===
 
===log entry===
 
===log entry===
 
===log entry===
 
===log entry===
 
===log entry===
 
===log entry===
 
===log entry===
 
===log entry===
 
===log entry===
 
===log entry===
 
===log entry===
 
===log entry===
 
===log entry===
 
===log entry===
 
===log entry===
 
===log entry===
 
===log entry===
 
===log entry===
 
===log entry===
 
===log entry===
 
===log entry===
 
===log entry===
 
===log entry===
 
===log entry===
 
===log entry===
 
===log entry===
 
===log entry===
 
===log entry===
 
===log entry===
 
===log entry===
 
===log entry===
 
===log entry===
 
===log entry===
 
===log entry===
 
===log entry===
 
===log entry===
 
===log entry===
 
===log entry===
 
===== Log Entry Begin =====
Tue Apr 10 2018 18:22:16 GMT-0400 (EDT)
 
TERMINAL COMMANDS:
$: /usr/local/Cellar/node/9.4.0/bin/node,/Users/hectorjl01/Desktop/code/ucf/homework/Liri-Node-App/liri.js,mytweets,request_options
 
DATA OUTPUT:
